\BOOKMARK [0][]{chapter.1}{\376\377\0001\000\040\173\054\116\000\153\041\116\012\147\072\133\236\232\214\377\010\000L\000B\000P\143\320\123\326\126\376\120\317\166\204\176\271\164\006\162\171\137\201\377\011}{}% 1
\BOOKMARK [1][]{section.1.1}{\376\377\0001\000.\0001\000\040\133\236\232\214\211\201\154\102}{chapter.1}% 2
\BOOKMARK [1][]{section.1.2}{\376\377\0001\000.\0002\000\040\133\236\232\214\153\145\232\244\116\016\123\237\164\006}{chapter.1}% 3
\BOOKMARK [2][]{subsection.1.2.1}{\376\377\0001\000.\0002\000.\0001\000\040\000L\000B\000P\000\040\162\171\137\201\166\204\127\372\147\054\133\232\116\111}{section.1.2}% 4
\BOOKMARK [2][]{subsection.1.2.2}{\376\377\0001\000.\0002\000.\0002\000\040\166\364\145\271\126\376\162\171\137\201}{section.1.2}% 5
\BOOKMARK [2][]{subsection.1.2.3}{\376\377\0001\000.\0002\000.\0003\000\040\133\236\163\260\176\306\202\202\377\010\147\054\133\236\232\214\142\113\121\231\000\040\000P\000y\000t\000h\000o\000n\000\040\211\201\160\271\377\011}{section.1.2}% 6
\BOOKMARK [2][]{subsection.1.2.4}{\376\377\0001\000.\0002\000.\0004\000\040\131\015\147\102\136\246\116\016\136\166\210\114\117\030\123\026}{section.1.2}% 7
\BOOKMARK [1][]{section.1.3}{\376\377\0001\000.\0003\000\040\133\236\232\214\176\323\147\234\116\016\122\006\147\220}{chapter.1}% 8
\BOOKMARK [1][]{section.1.4}{\376\377\0001\000.\0004\000\040\133\236\232\214\116\343\170\001}{chapter.1}% 9
\BOOKMARK [0][]{chapter.2}{\376\377\0002\000\040\173\054\116\214\153\041\116\012\147\072\133\236\232\214}{}% 10
\BOOKMARK [1][]{section.2.1}{\376\377\0002\000.\0001\000\040\133\236\232\214\211\201\154\102}{chapter.2}% 11
\BOOKMARK [1][]{section.2.2}{\376\377\0002\000.\0002\000\040\145\160\143\156\122\006\147\220\116\016\131\004\164\006}{chapter.2}% 12
\BOOKMARK [1][]{section.2.3}{\376\377\0002\000.\0003\000\040\133\236\232\214\153\145\232\244\116\016\123\237\164\006}{chapter.2}% 13
\BOOKMARK [2][]{subsection.2.3.1}{\376\377\0002\000.\0003\000.\0001\000\040\123\237\164\006\213\364\146\016}{section.2.3}% 14
\BOOKMARK [2][]{subsection.2.3.2}{\376\377\0002\000.\0003\000.\0002\000\040\133\236\232\214\153\145\232\244}{section.2.3}% 15
\BOOKMARK [2][]{subsection.2.3.3}{\376\377\0002\000.\0003\000.\0003\000\040\133\236\232\214\141\017\116\111}{section.2.3}% 16
\BOOKMARK [1][]{section.2.4}{\376\377\0002\000.\0004\000\040\133\236\232\214\176\323\213\272\116\016\122\006\147\220}{chapter.2}% 17
\BOOKMARK [1][]{section.2.5}{\376\377\0002\000.\0005\000\040\133\236\232\214\116\343\170\001}{chapter.2}% 18
\BOOKMARK [0][]{chapter.3}{\376\377\0003\000\040\173\054\116\011\153\041\116\012\147\072\133\236\232\214}{}% 19
\BOOKMARK [1][]{section.3.1}{\376\377\0003\000.\0001\000\040\133\236\232\214\211\201\154\102}{chapter.3}% 20
\BOOKMARK [1][]{section.3.2}{\376\377\0003\000.\0002\000\040\145\160\143\156\122\006\147\220\116\016\131\004\164\006}{chapter.3}% 21
\BOOKMARK [1][]{section.3.3}{\376\377\0003\000.\0003\000\040\133\236\232\214\153\145\232\244\116\016\123\237\164\006}{chapter.3}% 22
\BOOKMARK [1][]{section.3.4}{\376\377\0003\000.\0004\000\040\133\236\232\214\176\323\213\272\116\016\122\006\147\220}{chapter.3}% 23
\BOOKMARK [1][]{section.3.5}{\376\377\0003\000.\0005\000\040\133\236\232\214\116\343\170\001}{chapter.3}% 24
\BOOKMARK [0][]{chapter.4}{\376\377\0004\000\040\173\054\126\333\153\041\116\012\147\072\133\236\232\214}{}% 25
\BOOKMARK [1][]{section.4.1}{\376\377\0004\000.\0001\000\040\133\236\232\214\211\201\154\102}{chapter.4}% 26
\BOOKMARK [1][]{section.4.2}{\376\377\0004\000.\0002\000\040\145\160\143\156\122\006\147\220\116\016\131\004\164\006}{chapter.4}% 27
\BOOKMARK [1][]{section.4.3}{\376\377\0004\000.\0003\000\040\133\236\232\214\153\145\232\244\116\016\123\237\164\006}{chapter.4}% 28
\BOOKMARK [1][]{section.4.4}{\376\377\0004\000.\0004\000\040\133\236\232\214\176\323\213\272\116\016\122\006\147\220}{chapter.4}% 29
\BOOKMARK [1][]{section.4.5}{\376\377\0004\000.\0005\000\040\133\236\232\214\116\343\170\001}{chapter.4}% 30
\BOOKMARK [0][]{chapter.5}{\376\377\0005\000\040\173\054\116\224\153\041\116\012\147\072\133\236\232\214}{}% 31
\BOOKMARK [1][]{section.5.1}{\376\377\0005\000.\0001\000\040\133\236\232\214\211\201\154\102}{chapter.5}% 32
\BOOKMARK [1][]{section.5.2}{\376\377\0005\000.\0002\000\040\145\160\143\156\122\006\147\220\116\016\131\004\164\006}{chapter.5}% 33
\BOOKMARK [1][]{section.5.3}{\376\377\0005\000.\0003\000\040\133\236\232\214\153\145\232\244\116\016\123\237\164\006}{chapter.5}% 34
\BOOKMARK [1][]{section.5.4}{\376\377\0005\000.\0004\000\040\133\236\232\214\176\323\213\272\116\016\122\006\147\220}{chapter.5}% 35
\BOOKMARK [1][]{section.5.5}{\376\377\0005\000.\0005\000\040\133\236\232\214\116\343\170\001}{chapter.5}% 36
